<?xml version="1.0" encoding="UTF-8"?>
<testsuite xmlns:xsi="http://www.w3.org/2001/XMLSchema-instance" xsi:schemaLocation="https://maven.apache.org/surefire/maven-surefire-plugin/xsd/surefire-test-report.xsd" name="CreateAccountViewTest" time="6.334" tests="6" errors="0" skipped="0" failures="0">
  <properties>
[...]
</properties>
  <testcase name="commaInPassword" classname="CreateAccountViewTest" time="1.534"/>
  <testcase name="emptyName" classname="CreateAccountViewTest" time="0.512"/>
  <testcase name="commaInEmail" classname="CreateAccountViewTest" time="0.5"/>
  <testcase name="commaInCreditCardNumber" classname="CreateAccountViewTest" time="0.421"/>
  <testcase name="commaInUserName" classname="CreateAccountViewTest" time="0.426"/>
  <testcase name="commaInName" classname="CreateAccountViewTest" time="0.407"/>
</testsuite>